<?xml version="1.0" encoding="UTF-8"?>
<coverage generated="1647869317016" clover="3.2.0">
  <project timestamp="1647869317016" name="All files">
    <metrics statements="239" coveredstatements="214" conditionals="100" coveredconditionals="83" methods="71" coveredmethods="56" elements="410" coveredelements="353" complexity="0" loc="239" ncloc="239" packages="3" files="16" classes="16"/>
    <package name="constants">
      <metrics statements="8" coveredstatements="8" conditionals="5" coveredconditionals="5" methods="1" coveredmethods="1"/>
      <file name="routes.js" path="/Users/bilalezzaaraoui/BilalEzzaaraoui_9_09032022/src/constants/routes.js">
        <metrics statements="8" coveredstatements="8" conditionals="5" coveredconditionals="5" methods="1" coveredmethods="1"/>
        <line num="6" count="6" type="stmt"/>
        <line num="13" count="6" type="stmt"/>
        <line num="14" count="34" type="cond" truecount="5" falsecount="0"/>
        <line num="16" count="8" type="stmt"/>
        <line num="18" count="7" type="stmt"/>
        <line num="20" count="6" type="stmt"/>
        <line num="22" count="12" type="stmt"/>
        <line num="24" count="1" type="stmt"/>
      </file>
      <file name="usersTest.js" path="/Users/bilalezzaaraoui/BilalEzzaaraoui_9_09032022/src/constants/usersTest.js">
        <metrics statements="0" coveredstatements="0" conditionals="0" coveredconditionals="0" methods="0" coveredmethods="0"/>
      </file>
    </package>
    <package name="containers">
      <metrics statements="201" coveredstatements="176" conditionals="61" coveredconditionals="45" methods="55" coveredmethods="40"/>
      <file name="Bills.js" path="/Users/bilalezzaaraoui/BilalEzzaaraoui_9_09032022/src/containers/Bills.js">
        <metrics statements="26" coveredstatements="19" conditionals="6" coveredconditionals="4" methods="8" coveredmethods="6"/>
        <line num="7" count="3" type="stmt"/>
        <line num="8" count="3" type="stmt"/>
        <line num="9" count="3" type="stmt"/>
        <line num="10" count="3" type="stmt"/>
        <line num="11" count="3" type="cond" truecount="2" falsecount="0"/>
        <line num="12" count="3" type="stmt"/>
        <line num="13" count="3" type="cond" truecount="1" falsecount="1"/>
        <line num="14" count="4" type="stmt"/>
        <line num="16" count="3" type="stmt"/>
        <line num="19" count="3" type="stmt"/>
        <line num="20" count="2" type="stmt"/>
        <line num="23" count="3" type="stmt"/>
        <line num="24" count="2" type="stmt"/>
        <line num="25" count="2" type="stmt"/>
        <line num="26" count="2" type="stmt"/>
        <line num="27" count="2" type="stmt"/>
        <line num="30" count="3" type="stmt"/>
        <line num="31" count="1" type="cond" truecount="1" falsecount="1"/>
        <line num="32" count="1" type="stmt"/>
        <line num="36" count="0" type="stmt"/>
        <line num="38" count="0" type="stmt"/>
        <line num="39" count="0" type="stmt"/>
        <line num="47" count="0" type="stmt"/>
        <line num="48" count="0" type="stmt"/>
        <line num="55" count="0" type="stmt"/>
        <line num="56" count="0" type="stmt"/>
      </file>
      <file name="Dashboard.js" path="/Users/bilalezzaaraoui/BilalEzzaaraoui_9_09032022/src/containers/Dashboard.js">
        <metrics statements="74" coveredstatements="69" conditionals="43" coveredconditionals="33" methods="24" coveredmethods="19"/>
        <line num="8" count="6" type="stmt"/>
        <line num="9" count="49" type="cond" truecount="4" falsecount="0"/>
        <line num="14" count="124" type="cond" truecount="1" falsecount="1"/>
        <line num="15" count="124" type="stmt"/>
        <line num="20" count="0" type="stmt"/>
        <line num="25" count="124" type="stmt"/>
        <line num="30" count="6" type="stmt"/>
        <line num="31" count="6" type="stmt"/>
        <line num="32" count="6" type="cond" truecount="1" falsecount="1"/>
        <line num="35" count="6" type="cond" truecount="1" falsecount="1"/>
        <line num="39" count="6" type="stmt"/>
        <line num="59" count="6" type="stmt"/>
        <line num="60" count="6" type="cond" truecount="4" falsecount="0"/>
        <line num="63" count="6" type="stmt"/>
        <line num="64" count="10" type="cond" truecount="3" falsecount="0"/>
        <line num="66" count="6" type="stmt"/>
        <line num="68" count="2" type="stmt"/>
        <line num="70" count="2" type="stmt"/>
        <line num="76" count="14" type="stmt"/>
        <line num="77" count="14" type="stmt"/>
        <line num="78" count="14" type="stmt"/>
        <line num="79" count="14" type="stmt"/>
        <line num="80" count="14" type="stmt"/>
        <line num="81" count="14" type="stmt"/>
        <line num="82" count="14" type="stmt"/>
        <line num="85" count="14" type="stmt"/>
        <line num="86" count="1" type="stmt"/>
        <line num="87" count="1" type="stmt"/>
        <line num="88" count="1" type="stmt"/>
        <line num="93" count="1" type="cond" truecount="1" falsecount="1"/>
        <line num="94" count="0" type="stmt"/>
        <line num="98" count="3" type="cond" truecount="4" falsecount="0"/>
        <line num="99" count="3" type="cond" truecount="4" falsecount="0"/>
        <line num="100" count="3" type="cond" truecount="2" falsecount="0"/>
        <line num="101" count="2" type="stmt"/>
        <line num="102" count="8" type="stmt"/>
        <line num="104" count="2" type="stmt"/>
        <line num="105" count="2" type="stmt"/>
        <line num="106" count="2" type="stmt"/>
        <line num="107" count="2" type="stmt"/>
        <line num="109" count="1" type="stmt"/>
        <line num="111" count="1" type="stmt"/>
        <line num="114" count="1" type="stmt"/>
        <line num="115" count="1" type="stmt"/>
        <line num="117" count="3" type="stmt"/>
        <line num="118" count="3" type="stmt"/>
        <line num="119" count="3" type="stmt"/>
        <line num="122" count="14" type="stmt"/>
        <line num="123" count="1" type="stmt"/>
        <line num="128" count="1" type="stmt"/>
        <line num="129" count="1" type="stmt"/>
        <line num="132" count="14" type="stmt"/>
        <line num="133" count="1" type="stmt"/>
        <line num="138" count="1" type="stmt"/>
        <line num="139" count="1" type="stmt"/>
        <line num="143" count="5" type="cond" truecount="3" falsecount="1"/>
        <line num="144" count="5" type="cond" truecount="3" falsecount="1"/>
        <line num="145" count="5" type="cond" truecount="1" falsecount="1"/>
        <line num="146" count="5" type="stmt"/>
        <line num="147" count="5" type="stmt"/>
        <line num="150" count="5" type="stmt"/>
        <line num="152" count="0" type="stmt"/>
        <line num="153" count="0" type="stmt"/>
        <line num="154" count="0" type="stmt"/>
        <line num="157" count="5" type="stmt"/>
        <line num="158" count="6" type="stmt"/>
        <line num="159" count="3" type="stmt"/>
        <line num="167" count="5" type="stmt"/>
        <line num="170" count="14" type="stmt"/>
        <line num="171" count="5" type="cond" truecount="1" falsecount="1"/>
        <line num="172" count="5" type="stmt"/>
        <line num="176" count="12" type="stmt"/>
        <line num="182" count="3" type="stmt"/>
        <line num="185" count="2" type="stmt"/>
      </file>
      <file name="Login.js" path="/Users/bilalezzaaraoui/BilalEzzaaraoui_9_09032022/src/containers/Login.js">
        <metrics statements="41" coveredstatements="30" conditionals="4" coveredconditionals="0" methods="11" coveredmethods="5"/>
        <line num="2" count="4" type="stmt"/>
        <line num="13" count="5" type="stmt"/>
        <line num="14" count="5" type="stmt"/>
        <line num="15" count="5" type="stmt"/>
        <line num="16" count="5" type="stmt"/>
        <line num="17" count="5" type="stmt"/>
        <line num="18" count="5" type="stmt"/>
        <line num="21" count="5" type="stmt"/>
        <line num="22" count="5" type="stmt"/>
        <line num="25" count="5" type="stmt"/>
        <line num="27" count="5" type="stmt"/>
        <line num="28" count="2" type="stmt"/>
        <line num="29" count="2" type="stmt"/>
        <line num="40" count="2" type="stmt"/>
        <line num="41" count="2" type="stmt"/>
        <line num="42" count="0" type="stmt"/>
        <line num="44" count="2" type="stmt"/>
        <line num="45" count="2" type="stmt"/>
        <line num="46" count="2" type="stmt"/>
        <line num="47" count="2" type="stmt"/>
        <line num="51" count="5" type="stmt"/>
        <line num="52" count="2" type="stmt"/>
        <line num="53" count="2" type="stmt"/>
        <line num="62" count="2" type="stmt"/>
        <line num="63" count="2" type="stmt"/>
        <line num="64" count="0" type="stmt"/>
        <line num="66" count="2" type="stmt"/>
        <line num="67" count="2" type="stmt"/>
        <line num="68" count="2" type="stmt"/>
        <line num="69" count="2" type="stmt"/>
        <line num="74" count="5" type="stmt"/>
        <line num="75" count="0" type="cond" truecount="0" falsecount="2"/>
        <line num="76" count="0" type="stmt"/>
        <line num="84" count="0" type="stmt"/>
        <line num="87" count="0" type="stmt"/>
        <line num="92" count="5" type="stmt"/>
        <line num="93" count="0" type="cond" truecount="0" falsecount="2"/>
        <line num="94" count="0" type="stmt"/>
        <line num="105" count="0" type="stmt"/>
        <line num="106" count="0" type="stmt"/>
        <line num="109" count="0" type="stmt"/>
      </file>
      <file name="Logout.js" path="/Users/bilalezzaaraoui/BilalEzzaaraoui_9_09032022/src/containers/Logout.js">
        <metrics statements="7" coveredstatements="7" conditionals="0" coveredconditionals="0" methods="2" coveredmethods="2"/>
        <line num="5" count="22" type="stmt"/>
        <line num="6" count="22" type="stmt"/>
        <line num="7" count="22" type="stmt"/>
        <line num="8" count="22" type="stmt"/>
        <line num="11" count="22" type="stmt"/>
        <line num="12" count="2" type="stmt"/>
        <line num="13" count="2" type="stmt"/>
      </file>
      <file name="NewBill.js" path="/Users/bilalezzaaraoui/BilalEzzaaraoui_9_09032022/src/containers/NewBill.js">
        <metrics statements="53" coveredstatements="51" conditionals="8" coveredconditionals="8" methods="10" coveredmethods="8"/>
        <line num="6" count="4" type="stmt"/>
        <line num="7" count="4" type="stmt"/>
        <line num="8" count="4" type="stmt"/>
        <line num="9" count="4" type="stmt"/>
        <line num="12" count="4" type="stmt"/>
        <line num="13" count="4" type="stmt"/>
        <line num="14" count="4" type="stmt"/>
        <line num="15" count="4" type="stmt"/>
        <line num="16" count="4" type="stmt"/>
        <line num="17" count="4" type="stmt"/>
        <line num="18" count="4" type="stmt"/>
        <line num="21" count="4" type="stmt"/>
        <line num="22" count="1" type="stmt"/>
        <line num="25" count="4" type="stmt"/>
        <line num="26" count="2" type="stmt"/>
        <line num="27" count="2" type="stmt"/>
        <line num="29" count="2" type="stmt"/>
        <line num="30" count="2" type="stmt"/>
        <line num="31" count="2" type="stmt"/>
        <line num="32" count="2" type="stmt"/>
        <line num="33" count="2" type="stmt"/>
        <line num="35" count="2" type="stmt"/>
        <line num="36" count="2" type="stmt"/>
        <line num="38" count="2" type="stmt"/>
        <line num="39" count="5" type="cond" truecount="2" falsecount="0"/>
        <line num="40" count="1" type="stmt"/>
        <line num="44" count="2" type="cond" truecount="2" falsecount="0"/>
        <line num="45" count="1" type="stmt"/>
        <line num="46" count="1" type="stmt"/>
        <line num="48" count="1" type="stmt"/>
        <line num="49" count="1" type="stmt"/>
        <line num="51" count="1" type="stmt"/>
        <line num="52" count="1" type="stmt"/>
        <line num="54" count="1" type="stmt"/>
        <line num="63" count="1" type="stmt"/>
        <line num="64" count="1" type="stmt"/>
        <line num="65" count="1" type="stmt"/>
        <line num="66" count="1" type="stmt"/>
        <line num="68" count="0" type="stmt"/>
        <line num="70" count="1" type="stmt"/>
        <line num="71" count="1" type="stmt"/>
        <line num="74" count="4" type="stmt"/>
        <line num="75" count="1" type="stmt"/>
        <line num="76" count="1" type="stmt"/>
        <line num="80" count="1" type="stmt"/>
        <line num="81" count="1" type="stmt"/>
        <line num="99" count="1" type="stmt"/>
        <line num="100" count="1" type="stmt"/>
        <line num="104" count="4" type="stmt"/>
        <line num="105" count="2" type="cond" truecount="2" falsecount="0"/>
        <line num="106" count="1" type="stmt"/>
        <line num="110" count="1" type="stmt"/>
        <line num="112" count="0" type="stmt"/>
      </file>
    </package>
    <package name="views">
      <metrics statements="30" coveredstatements="30" conditionals="34" coveredconditionals="33" methods="15" coveredmethods="15"/>
      <file name="Actions.js" path="/Users/bilalezzaaraoui/BilalEzzaaraoui_9_09032022/src/views/Actions.js">
        <metrics statements="1" coveredstatements="1" conditionals="0" coveredconditionals="0" methods="1" coveredmethods="1"/>
        <line num="5" count="10" type="stmt"/>
      </file>
      <file name="BillsUI.js" path="/Users/bilalezzaaraoui/BilalEzzaaraoui_9_09032022/src/views/BillsUI.js">
        <metrics statements="12" coveredstatements="12" conditionals="10" coveredconditionals="10" methods="6" coveredmethods="6"/>
        <line num="7" count="6" type="stmt"/>
        <line num="8" count="8" type="stmt"/>
        <line num="22" count="6" type="stmt"/>
        <line num="23" count="8" type="cond" truecount="4" falsecount="0"/>
        <line num="25" count="9" type="cond" truecount="2" falsecount="0"/>
        <line num="26" count="8" type="stmt"/>
        <line num="32" count="14" type="stmt"/>
        <line num="49" count="14" type="cond" truecount="2" falsecount="0"/>
        <line num="50" count="1" type="stmt"/>
        <line num="51" count="13" type="cond" truecount="2" falsecount="0"/>
        <line num="52" count="5" type="stmt"/>
        <line num="55" count="8" type="stmt"/>
      </file>
      <file name="DashboardFormUI.js" path="/Users/bilalezzaaraoui/BilalEzzaaraoui_9_09032022/src/views/DashboardFormUI.js">
        <metrics statements="2" coveredstatements="2" conditionals="6" coveredconditionals="5" methods="2" coveredmethods="2"/>
        <line num="7" count="9" type="stmt"/>
        <line num="25" count="9" type="stmt"/>
      </file>
      <file name="DashboardUI.js" path="/Users/bilalezzaaraoui/BilalEzzaaraoui_9_09032022/src/views/DashboardUI.js">
        <metrics statements="5" coveredstatements="5" conditionals="10" coveredconditionals="10" methods="1" coveredmethods="1"/>
        <line num="10" count="21" type="cond" truecount="2" falsecount="0"/>
        <line num="11" count="6" type="stmt"/>
        <line num="12" count="15" type="cond" truecount="2" falsecount="0"/>
        <line num="13" count="3" type="stmt"/>
        <line num="16" count="12" type="stmt"/>
      </file>
      <file name="ErrorPage.js" path="/Users/bilalezzaaraoui/BilalEzzaaraoui_9_09032022/src/views/ErrorPage.js">
        <metrics statements="1" coveredstatements="1" conditionals="2" coveredconditionals="2" methods="1" coveredmethods="1"/>
        <line num="4" count="10" type="stmt"/>
      </file>
      <file name="LoadingPage.js" path="/Users/bilalezzaaraoui/BilalEzzaaraoui_9_09032022/src/views/LoadingPage.js">
        <metrics statements="1" coveredstatements="1" conditionals="0" coveredconditionals="0" methods="1" coveredmethods="1"/>
        <line num="5" count="8" type="stmt"/>
      </file>
      <file name="LoginUI.js" path="/Users/bilalezzaaraoui/BilalEzzaaraoui_9_09032022/src/views/LoginUI.js">
        <metrics statements="1" coveredstatements="1" conditionals="0" coveredconditionals="0" methods="1" coveredmethods="1"/>
        <line num="4" count="15" type="stmt"/>
      </file>
      <file name="NewBillUI.js" path="/Users/bilalezzaaraoui/BilalEzzaaraoui_9_09032022/src/views/NewBillUI.js">
        <metrics statements="1" coveredstatements="1" conditionals="0" coveredconditionals="0" methods="1" coveredmethods="1"/>
        <line num="5" count="6" type="stmt"/>
      </file>
      <file name="VerticalLayout.js" path="/Users/bilalezzaaraoui/BilalEzzaaraoui_9_09032022/src/views/VerticalLayout.js">
        <metrics statements="6" coveredstatements="6" conditionals="6" coveredconditionals="6" methods="1" coveredmethods="1"/>
        <line num="7" count="45" type="stmt"/>
        <line num="8" count="45" type="cond" truecount="2" falsecount="0"/>
        <line num="9" count="33" type="stmt"/>
        <line num="11" count="45" type="cond" truecount="4" falsecount="0"/>
        <line num="12" count="14" type="stmt"/>
        <line num="29" count="31" type="stmt"/>
      </file>
    </package>
  </project>
</coverage>
