{"/Users/bilalezzaaraoui/BilalEzzaaraoui_9_09032022/src/constants/routes.js": {"path":"/Users/bilalezzaaraoui/BilalEzzaaraoui_9_09032022/src/constants/routes.js","statementMap":{"0":{"start":{"line":6,"column":27},"end":{"line":11,"column":1}},"1":{"start":{"line":13,"column":22},"end":{"line":26,"column":1}},"2":{"start":{"line":14,"column":2},"end":{"line":25,"column":3}},"3":{"start":{"line":16,"column":6},"end":{"line":16,"column":46}},"4":{"start":{"line":18,"column":6},"end":{"line":18,"column":46}},"5":{"start":{"line":20,"column":6},"end":{"line":20,"column":24}},"6":{"start":{"line":22,"column":6},"end":{"line":22,"column":50}},"7":{"start":{"line":24,"column":6},"end":{"line":24,"column":46}}},"fnMap":{"0":{"name":"(anonymous_0)","decl":{"start":{"line":13,"column":22},"end":{"line":13,"column":23}},"loc":{"start":{"line":13,"column":62},"end":{"line":26,"column":1}},"line":13}},"branchMap":{"0":{"loc":{"start":{"line":14,"column":2},"end":{"line":25,"column":3}},"type":"switch","locations":[{"start":{"line":15,"column":4},"end":{"line":16,"column":46}},{"start":{"line":17,"column":4},"end":{"line":18,"column":46}},{"start":{"line":19,"column":4},"end":{"line":20,"column":24}},{"start":{"line":21,"column":4},"end":{"line":22,"column":50}},{"start":{"line":23,"column":4},"end":{"line":24,"column":46}}],"line":14}},"s":{"0":6,"1":6,"2":34,"3":8,"4":7,"5":6,"6":12,"7":1},"f":{"0":34},"b":{"0":[8,7,6,12,1]},"_coverageSchema":"1a1c01bbd47fc00a2c39e90264f33305004495a9","hash":"b50d9ebf2be20815e9733de1320b7e873825df13"}
,"/Users/bilalezzaaraoui/BilalEzzaaraoui_9_09032022/src/constants/usersTest.js": {"path":"/Users/bilalezzaaraoui/BilalEzzaaraoui_9_09032022/src/constants/usersTest.js","statementMap":{},"fnMap":{},"branchMap":{},"s":{},"f":{},"b":{},"_coverageSchema":"1a1c01bbd47fc00a2c39e90264f33305004495a9","hash":"8db3593afe9a94cfa8d19824ea1c54eaec794693"}
,"/Users/bilalezzaaraoui/BilalEzzaaraoui_9_09032022/src/containers/Bills.js": {"path":"/Users/bilalezzaaraoui/BilalEzzaaraoui_9_09032022/src/containers/Bills.js","statementMap":{"0":{"start":{"line":7,"column":4},"end":{"line":7,"column":28}},"1":{"start":{"line":8,"column":4},"end":{"line":8,"column":32}},"2":{"start":{"line":9,"column":4},"end":{"line":9,"column":22}},"3":{"start":{"line":10,"column":26},"end":{"line":10,"column":86}},"4":{"start":{"line":11,"column":4},"end":{"line":11,"column":87}},"5":{"start":{"line":11,"column":23},"end":{"line":11,"column":87}},"6":{"start":{"line":12,"column":20},"end":{"line":12,"column":76}},"7":{"start":{"line":13,"column":4},"end":{"line":15,"column":6}},"8":{"start":{"line":13,"column":17},"end":{"line":15,"column":6}},"9":{"start":{"line":14,"column":6},"end":{"line":14,"column":73}},"10":{"start":{"line":14,"column":43},"end":{"line":14,"column":72}},"11":{"start":{"line":16,"column":4},"end":{"line":16,"column":54}},"12":{"start":{"line":19,"column":23},"end":{"line":21,"column":3}},"13":{"start":{"line":20,"column":4},"end":{"line":20,"column":43}},"14":{"start":{"line":23,"column":23},"end":{"line":28,"column":3}},"15":{"start":{"line":24,"column":20},"end":{"line":24,"column":54}},"16":{"start":{"line":25,"column":21},"end":{"line":25,"column":63}},"17":{"start":{"line":26,"column":4},"end":{"line":26,"column":168}},"18":{"start":{"line":27,"column":4},"end":{"line":27,"column":34}},"19":{"start":{"line":30,"column":13},"end":{"line":59,"column":3}},"20":{"start":{"line":31,"column":4},"end":{"line":58,"column":5}},"21":{"start":{"line":32,"column":6},"end":{"line":57,"column":8}},"22":{"start":{"line":36,"column":22},"end":{"line":54,"column":12}},"23":{"start":{"line":38,"column":12},"end":{"line":53,"column":13}},"24":{"start":{"line":39,"column":14},"end":{"line":43,"column":15}},"25":{"start":{"line":47,"column":14},"end":{"line":47,"column":38}},"26":{"start":{"line":48,"column":14},"end":{"line":52,"column":15}},"27":{"start":{"line":55,"column":10},"end":{"line":55,"column":45}},"28":{"start":{"line":56,"column":8},"end":{"line":56,"column":20}}},"fnMap":{"0":{"name":"(anonymous_0)","decl":{"start":{"line":6,"column":2},"end":{"line":6,"column":3}},"loc":{"start":{"line":6,"column":61},"end":{"line":17,"column":3}},"line":6},"1":{"name":"(anonymous_1)","decl":{"start":{"line":13,"column":33},"end":{"line":13,"column":34}},"loc":{"start":{"line":13,"column":41},"end":{"line":15,"column":5}},"line":13},"2":{"name":"(anonymous_2)","decl":{"start":{"line":14,"column":37},"end":{"line":14,"column":38}},"loc":{"start":{"line":14,"column":43},"end":{"line":14,"column":72}},"line":14},"3":{"name":"(anonymous_3)","decl":{"start":{"line":19,"column":23},"end":{"line":19,"column":24}},"loc":{"start":{"line":19,"column":29},"end":{"line":21,"column":3}},"line":19},"4":{"name":"(anonymous_4)","decl":{"start":{"line":23,"column":23},"end":{"line":23,"column":24}},"loc":{"start":{"line":23,"column":33},"end":{"line":28,"column":3}},"line":23},"5":{"name":"(anonymous_5)","decl":{"start":{"line":30,"column":13},"end":{"line":30,"column":14}},"loc":{"start":{"line":30,"column":19},"end":{"line":59,"column":3}},"line":30},"6":{"name":"(anonymous_6)","decl":{"start":{"line":35,"column":12},"end":{"line":35,"column":13}},"loc":{"start":{"line":35,"column":24},"end":{"line":57,"column":7}},"line":35},"7":{"name":"(anonymous_7)","decl":{"start":{"line":37,"column":15},"end":{"line":37,"column":16}},"loc":{"start":{"line":37,"column":22},"end":{"line":54,"column":11}},"line":37}},"branchMap":{"0":{"loc":{"start":{"line":11,"column":4},"end":{"line":11,"column":87}},"type":"if","locations":[{"start":{"line":11,"column":4},"end":{"line":11,"column":87}},{"start":{"line":11,"column":4},"end":{"line":11,"column":87}}],"line":11},"1":{"loc":{"start":{"line":13,"column":4},"end":{"line":15,"column":6}},"type":"if","locations":[{"start":{"line":13,"column":4},"end":{"line":15,"column":6}},{"start":{"line":13,"column":4},"end":{"line":15,"column":6}}],"line":13},"2":{"loc":{"start":{"line":31,"column":4},"end":{"line":58,"column":5}},"type":"if","locations":[{"start":{"line":31,"column":4},"end":{"line":58,"column":5}},{"start":{"line":31,"column":4},"end":{"line":58,"column":5}}],"line":31}},"s":{"0":3,"1":3,"2":3,"3":3,"4":3,"5":2,"6":3,"7":3,"8":3,"9":4,"10":1,"11":3,"12":3,"13":2,"14":3,"15":2,"16":2,"17":2,"18":2,"19":3,"20":1,"21":1,"22":0,"23":0,"24":0,"25":0,"26":0,"27":0,"28":0},"f":{"0":3,"1":4,"2":1,"3":2,"4":2,"5":1,"6":0,"7":0},"b":{"0":[2,1],"1":[3,0],"2":[1,0]},"_coverageSchema":"1a1c01bbd47fc00a2c39e90264f33305004495a9","hash":"c1483b3401fa609af4768ff68e2625ffe32281f2"}
,"/Users/bilalezzaaraoui/BilalEzzaaraoui_9_09032022/src/containers/Dashboard.js": {"path":"/Users/bilalezzaaraoui/BilalEzzaaraoui_9_09032022/src/containers/Dashboard.js","statementMap":{"0":{"start":{"line":8,"column":29},"end":{"line":28,"column":1}},"1":{"start":{"line":9,"column":2},"end":{"line":27,"column":9}},"2":{"start":{"line":14,"column":8},"end":{"line":23,"column":9}},"3":{"start":{"line":15,"column":10},"end":{"line":15,"column":51}},"4":{"start":{"line":20,"column":10},"end":{"line":22,"column":61}},"5":{"start":{"line":25,"column":8},"end":{"line":25,"column":31}},"6":{"start":{"line":30,"column":20},"end":{"line":57,"column":1}},"7":{"start":{"line":31,"column":28},"end":{"line":31,"column":52}},"8":{"start":{"line":32,"column":20},"end":{"line":34,"column":8}},"9":{"start":{"line":35,"column":19},"end":{"line":37,"column":23}},"10":{"start":{"line":39,"column":2},"end":{"line":56,"column":4}},"11":{"start":{"line":59,"column":21},"end":{"line":61,"column":1}},"12":{"start":{"line":60,"column":2},"end":{"line":60,"column":79}},"13":{"start":{"line":60,"column":53},"end":{"line":60,"column":63}},"14":{"start":{"line":63,"column":25},"end":{"line":72,"column":1}},"15":{"start":{"line":64,"column":2},"end":{"line":71,"column":3}},"16":{"start":{"line":66,"column":6},"end":{"line":66,"column":23}},"17":{"start":{"line":68,"column":6},"end":{"line":68,"column":24}},"18":{"start":{"line":70,"column":6},"end":{"line":70,"column":23}},"19":{"start":{"line":76,"column":4},"end":{"line":76,"column":29}},"20":{"start":{"line":77,"column":4},"end":{"line":77,"column":33}},"21":{"start":{"line":78,"column":4},"end":{"line":78,"column":23}},"22":{"start":{"line":79,"column":4},"end":{"line":79,"column":72}},"23":{"start":{"line":79,"column":35},"end":{"line":79,"column":70}},"24":{"start":{"line":80,"column":4},"end":{"line":80,"column":72}},"25":{"start":{"line":80,"column":35},"end":{"line":80,"column":70}},"26":{"start":{"line":81,"column":4},"end":{"line":81,"column":72}},"27":{"start":{"line":81,"column":35},"end":{"line":81,"column":70}},"28":{"start":{"line":82,"column":4},"end":{"line":82,"column":45}},"29":{"start":{"line":85,"column":23},"end":{"line":95,"column":3}},"30":{"start":{"line":86,"column":20},"end":{"line":86,"column":58}},"31":{"start":{"line":87,"column":21},"end":{"line":87,"column":69}},"32":{"start":{"line":88,"column":4},"end":{"line":92,"column":8}},"33":{"start":{"line":93,"column":4},"end":{"line":94,"column":43}},"34":{"start":{"line":94,"column":6},"end":{"line":94,"column":43}},"35":{"start":{"line":98,"column":4},"end":{"line":98,"column":76}},"36":{"start":{"line":98,"column":59},"end":{"line":98,"column":76}},"37":{"start":{"line":99,"column":4},"end":{"line":99,"column":72}},"38":{"start":{"line":99,"column":54},"end":{"line":99,"column":72}},"39":{"start":{"line":100,"column":4},"end":{"line":116,"column":5}},"40":{"start":{"line":101,"column":6},"end":{"line":103,"column":9}},"41":{"start":{"line":102,"column":8},"end":{"line":102,"column":62}},"42":{"start":{"line":104,"column":6},"end":{"line":104,"column":63}},"43":{"start":{"line":105,"column":6},"end":{"line":105,"column":70}},"44":{"start":{"line":106,"column":6},"end":{"line":106,"column":53}},"45":{"start":{"line":107,"column":6},"end":{"line":107,"column":21}},"46":{"start":{"line":109,"column":6},"end":{"line":109,"column":63}},"47":{"start":{"line":111,"column":6},"end":{"line":113,"column":9}},"48":{"start":{"line":114,"column":6},"end":{"line":114,"column":53}},"49":{"start":{"line":115,"column":6},"end":{"line":115,"column":21}},"50":{"start":{"line":117,"column":4},"end":{"line":117,"column":52}},"51":{"start":{"line":118,"column":4},"end":{"line":118,"column":73}},"52":{"start":{"line":118,"column":39},"end":{"line":118,"column":71}},"53":{"start":{"line":119,"column":4},"end":{"line":119,"column":73}},"54":{"start":{"line":119,"column":39},"end":{"line":119,"column":71}},"55":{"start":{"line":122,"column":23},"end":{"line":130,"column":3}},"56":{"start":{"line":123,"column":20},"end":{"line":127,"column":5}},"57":{"start":{"line":128,"column":4},"end":{"line":128,"column":29}},"58":{"start":{"line":129,"column":4},"end":{"line":129,"column":46}},"59":{"start":{"line":132,"column":23},"end":{"line":140,"column":3}},"60":{"start":{"line":133,"column":20},"end":{"line":137,"column":5}},"61":{"start":{"line":138,"column":4},"end":{"line":138,"column":29}},"62":{"start":{"line":139,"column":4},"end":{"line":139,"column":46}},"63":{"start":{"line":143,"column":4},"end":{"line":143,"column":77}},"64":{"start":{"line":143,"column":60},"end":{"line":143,"column":77}},"65":{"start":{"line":144,"column":4},"end":{"line":144,"column":77}},"66":{"start":{"line":144,"column":58},"end":{"line":144,"column":77}},"67":{"start":{"line":145,"column":4},"end":{"line":155,"column":5}},"68":{"start":{"line":146,"column":6},"end":{"line":146,"column":71}},"69":{"start":{"line":147,"column":6},"end":{"line":149,"column":8}},"70":{"start":{"line":150,"column":6},"end":{"line":150,"column":21}},"71":{"start":{"line":152,"column":6},"end":{"line":152,"column":72}},"72":{"start":{"line":153,"column":6},"end":{"line":153,"column":57}},"73":{"start":{"line":154,"column":6},"end":{"line":154,"column":21}},"74":{"start":{"line":157,"column":4},"end":{"line":161,"column":7}},"75":{"start":{"line":158,"column":6},"end":{"line":160,"column":8}},"76":{"start":{"line":159,"column":8},"end":{"line":159,"column":45}},"77":{"start":{"line":167,"column":4},"end":{"line":167,"column":17}},"78":{"start":{"line":170,"column":21},"end":{"line":188,"column":3}},"79":{"start":{"line":171,"column":4},"end":{"line":187,"column":5}},"80":{"start":{"line":172,"column":6},"end":{"line":186,"column":11}},"81":{"start":{"line":176,"column":24},"end":{"line":181,"column":13}},"82":{"start":{"line":176,"column":47},"end":{"line":181,"column":11}},"83":{"start":{"line":182,"column":10},"end":{"line":182,"column":23}},"84":{"start":{"line":185,"column":10},"end":{"line":185,"column":22}}},"fnMap":{"0":{"name":"(anonymous_0)","decl":{"start":{"line":8,"column":29},"end":{"line":8,"column":30}},"loc":{"start":{"line":8,"column":47},"end":{"line":28,"column":1}},"line":8},"1":{"name":"(anonymous_1)","decl":{"start":{"line":10,"column":18},"end":{"line":10,"column":19}},"loc":{"start":{"line":10,"column":28},"end":{"line":26,"column":7}},"line":10},"2":{"name":"(anonymous_2)","decl":{"start":{"line":30,"column":20},"end":{"line":30,"column":21}},"loc":{"start":{"line":30,"column":30},"end":{"line":57,"column":1}},"line":30},"3":{"name":"(anonymous_3)","decl":{"start":{"line":59,"column":21},"end":{"line":59,"column":22}},"loc":{"start":{"line":59,"column":32},"end":{"line":61,"column":1}},"line":59},"4":{"name":"(anonymous_4)","decl":{"start":{"line":60,"column":43},"end":{"line":60,"column":44}},"loc":{"start":{"line":60,"column":53},"end":{"line":60,"column":63}},"line":60},"5":{"name":"(anonymous_5)","decl":{"start":{"line":63,"column":25},"end":{"line":63,"column":26}},"loc":{"start":{"line":63,"column":36},"end":{"line":72,"column":1}},"line":63},"6":{"name":"(anonymous_6)","decl":{"start":{"line":75,"column":2},"end":{"line":75,"column":3}},"loc":{"start":{"line":75,"column":68},"end":{"line":83,"column":3}},"line":75},"7":{"name":"(anonymous_7)","decl":{"start":{"line":79,"column":28},"end":{"line":79,"column":29}},"loc":{"start":{"line":79,"column":35},"end":{"line":79,"column":70}},"line":79},"8":{"name":"(anonymous_8)","decl":{"start":{"line":80,"column":28},"end":{"line":80,"column":29}},"loc":{"start":{"line":80,"column":35},"end":{"line":80,"column":70}},"line":80},"9":{"name":"(anonymous_9)","decl":{"start":{"line":81,"column":28},"end":{"line":81,"column":29}},"loc":{"start":{"line":81,"column":35},"end":{"line":81,"column":70}},"line":81},"10":{"name":"(anonymous_10)","decl":{"start":{"line":85,"column":23},"end":{"line":85,"column":24}},"loc":{"start":{"line":85,"column":29},"end":{"line":95,"column":3}},"line":85},"11":{"name":"(anonymous_11)","decl":{"start":{"line":97,"column":2},"end":{"line":97,"column":3}},"loc":{"start":{"line":97,"column":35},"end":{"line":120,"column":3}},"line":97},"12":{"name":"(anonymous_12)","decl":{"start":{"line":101,"column":20},"end":{"line":101,"column":21}},"loc":{"start":{"line":101,"column":27},"end":{"line":103,"column":7}},"line":101},"13":{"name":"(anonymous_13)","decl":{"start":{"line":118,"column":32},"end":{"line":118,"column":33}},"loc":{"start":{"line":118,"column":39},"end":{"line":118,"column":71}},"line":118},"14":{"name":"(anonymous_14)","decl":{"start":{"line":119,"column":32},"end":{"line":119,"column":33}},"loc":{"start":{"line":119,"column":39},"end":{"line":119,"column":71}},"line":119},"15":{"name":"(anonymous_15)","decl":{"start":{"line":122,"column":23},"end":{"line":122,"column":24}},"loc":{"start":{"line":122,"column":36},"end":{"line":130,"column":3}},"line":122},"16":{"name":"(anonymous_16)","decl":{"start":{"line":132,"column":23},"end":{"line":132,"column":24}},"loc":{"start":{"line":132,"column":36},"end":{"line":140,"column":3}},"line":132},"17":{"name":"(anonymous_17)","decl":{"start":{"line":142,"column":2},"end":{"line":142,"column":3}},"loc":{"start":{"line":142,"column":37},"end":{"line":168,"column":3}},"line":142},"18":{"name":"(anonymous_18)","decl":{"start":{"line":157,"column":56},"end":{"line":157,"column":57}},"loc":{"start":{"line":157,"column":66},"end":{"line":161,"column":5}},"line":157},"19":{"name":"(anonymous_19)","decl":{"start":{"line":158,"column":38},"end":{"line":158,"column":39}},"loc":{"start":{"line":159,"column":8},"end":{"line":159,"column":45}},"line":159},"20":{"name":"(anonymous_20)","decl":{"start":{"line":170,"column":21},"end":{"line":170,"column":22}},"loc":{"start":{"line":170,"column":27},"end":{"line":188,"column":3}},"line":170},"21":{"name":"(anonymous_21)","decl":{"start":{"line":175,"column":14},"end":{"line":175,"column":15}},"loc":{"start":{"line":175,"column":28},"end":{"line":183,"column":9}},"line":175},"22":{"name":"(anonymous_22)","decl":{"start":{"line":176,"column":37},"end":{"line":176,"column":38}},"loc":{"start":{"line":176,"column":47},"end":{"line":181,"column":11}},"line":176},"23":{"name":"(anonymous_23)","decl":{"start":{"line":184,"column":15},"end":{"line":184,"column":16}},"loc":{"start":{"line":184,"column":26},"end":{"line":186,"column":9}},"line":184}},"branchMap":{"0":{"loc":{"start":{"line":9,"column":9},"end":{"line":27,"column":8}},"type":"cond-expr","locations":[{"start":{"line":10,"column":6},"end":{"line":26,"column":8}},{"start":{"line":27,"column":6},"end":{"line":27,"column":8}}],"line":9},"1":{"loc":{"start":{"line":9,"column":9},"end":{"line":9,"column":28}},"type":"binary-expr","locations":[{"start":{"line":9,"column":9},"end":{"line":9,"column":13}},{"start":{"line":9,"column":17},"end":{"line":9,"column":28}}],"line":9},"2":{"loc":{"start":{"line":14,"column":8},"end":{"line":23,"column":9}},"type":"if","locations":[{"start":{"line":14,"column":8},"end":{"line":23,"column":9}},{"start":{"line":14,"column":8},"end":{"line":23,"column":9}}],"line":14},"3":{"loc":{"start":{"line":21,"column":12},"end":{"line":22,"column":60}},"type":"binary-expr","locations":[{"start":{"line":21,"column":12},"end":{"line":21,"column":34}},{"start":{"line":22,"column":12},"end":{"line":22,"column":60}}],"line":21},"4":{"loc":{"start":{"line":32,"column":20},"end":{"line":34,"column":8}},"type":"cond-expr","locations":[{"start":{"line":33,"column":6},"end":{"line":33,"column":37}},{"start":{"line":34,"column":6},"end":{"line":34,"column":8}}],"line":32},"5":{"loc":{"start":{"line":35,"column":19},"end":{"line":37,"column":23}},"type":"cond-expr","locations":[{"start":{"line":36,"column":6},"end":{"line":36,"column":37}},{"start":{"line":37,"column":6},"end":{"line":37,"column":23}}],"line":35},"6":{"loc":{"start":{"line":60,"column":9},"end":{"line":60,"column":78}},"type":"cond-expr","locations":[{"start":{"line":60,"column":33},"end":{"line":60,"column":73}},{"start":{"line":60,"column":76},"end":{"line":60,"column":78}}],"line":60},"7":{"loc":{"start":{"line":60,"column":9},"end":{"line":60,"column":30}},"type":"binary-expr","locations":[{"start":{"line":60,"column":9},"end":{"line":60,"column":14}},{"start":{"line":60,"column":18},"end":{"line":60,"column":30}}],"line":60},"8":{"loc":{"start":{"line":64,"column":2},"end":{"line":71,"column":3}},"type":"switch","locations":[{"start":{"line":65,"column":4},"end":{"line":66,"column":23}},{"start":{"line":67,"column":4},"end":{"line":68,"column":24}},{"start":{"line":69,"column":4},"end":{"line":70,"column":23}}],"line":64},"9":{"loc":{"start":{"line":93,"column":4},"end":{"line":94,"column":43}},"type":"if","locations":[{"start":{"line":93,"column":4},"end":{"line":94,"column":43}},{"start":{"line":93,"column":4},"end":{"line":94,"column":43}}],"line":93},"10":{"loc":{"start":{"line":98,"column":4},"end":{"line":98,"column":76}},"type":"if","locations":[{"start":{"line":98,"column":4},"end":{"line":98,"column":76}},{"start":{"line":98,"column":4},"end":{"line":98,"column":76}}],"line":98},"11":{"loc":{"start":{"line":98,"column":8},"end":{"line":98,"column":57}},"type":"binary-expr","locations":[{"start":{"line":98,"column":8},"end":{"line":98,"column":34}},{"start":{"line":98,"column":38},"end":{"line":98,"column":57}}],"line":98},"12":{"loc":{"start":{"line":99,"column":4},"end":{"line":99,"column":72}},"type":"if","locations":[{"start":{"line":99,"column":4},"end":{"line":99,"column":72}},{"start":{"line":99,"column":4},"end":{"line":99,"column":72}}],"line":99},"13":{"loc":{"start":{"line":99,"column":8},"end":{"line":99,"column":52}},"type":"binary-expr","locations":[{"start":{"line":99,"column":8},"end":{"line":99,"column":29}},{"start":{"line":99,"column":33},"end":{"line":99,"column":52}}],"line":99},"14":{"loc":{"start":{"line":100,"column":4},"end":{"line":116,"column":5}},"type":"if","locations":[{"start":{"line":100,"column":4},"end":{"line":116,"column":5}},{"start":{"line":100,"column":4},"end":{"line":116,"column":5}}],"line":100},"15":{"loc":{"start":{"line":143,"column":4},"end":{"line":143,"column":77}},"type":"if","locations":[{"start":{"line":143,"column":4},"end":{"line":143,"column":77}},{"start":{"line":143,"column":4},"end":{"line":143,"column":77}}],"line":143},"16":{"loc":{"start":{"line":143,"column":8},"end":{"line":143,"column":58}},"type":"binary-expr","locations":[{"start":{"line":143,"column":8},"end":{"line":143,"column":34}},{"start":{"line":143,"column":38},"end":{"line":143,"column":58}}],"line":143},"17":{"loc":{"start":{"line":144,"column":4},"end":{"line":144,"column":77}},"type":"if","locations":[{"start":{"line":144,"column":4},"end":{"line":144,"column":77}},{"start":{"line":144,"column":4},"end":{"line":144,"column":77}}],"line":144},"18":{"loc":{"start":{"line":144,"column":8},"end":{"line":144,"column":56}},"type":"binary-expr","locations":[{"start":{"line":144,"column":8},"end":{"line":144,"column":32}},{"start":{"line":144,"column":36},"end":{"line":144,"column":56}}],"line":144},"19":{"loc":{"start":{"line":145,"column":4},"end":{"line":155,"column":5}},"type":"if","locations":[{"start":{"line":145,"column":4},"end":{"line":155,"column":5}},{"start":{"line":145,"column":4},"end":{"line":155,"column":5}}],"line":145},"20":{"loc":{"start":{"line":171,"column":4},"end":{"line":187,"column":5}},"type":"if","locations":[{"start":{"line":171,"column":4},"end":{"line":187,"column":5}},{"start":{"line":171,"column":4},"end":{"line":187,"column":5}}],"line":171}},"s":{"0":6,"1":49,"2":124,"3":124,"4":0,"5":124,"6":6,"7":6,"8":6,"9":6,"10":6,"11":6,"12":6,"13":6,"14":6,"15":10,"16":6,"17":2,"18":2,"19":14,"20":14,"21":14,"22":14,"23":0,"24":14,"25":0,"26":14,"27":0,"28":14,"29":14,"30":1,"31":1,"32":1,"33":1,"34":0,"35":3,"36":2,"37":3,"38":2,"39":3,"40":2,"41":8,"42":2,"43":2,"44":2,"45":2,"46":1,"47":1,"48":1,"49":1,"50":3,"51":3,"52":0,"53":3,"54":0,"55":14,"56":1,"57":1,"58":1,"59":14,"60":1,"61":1,"62":1,"63":5,"64":5,"65":5,"66":5,"67":5,"68":5,"69":5,"70":5,"71":0,"72":0,"73":0,"74":5,"75":6,"76":3,"77":5,"78":14,"79":5,"80":5,"81":3,"82":12,"83":3,"84":2},"f":{"0":49,"1":124,"2":6,"3":6,"4":6,"5":10,"6":14,"7":0,"8":0,"9":0,"10":1,"11":3,"12":8,"13":0,"14":0,"15":1,"16":1,"17":5,"18":6,"19":3,"20":5,"21":3,"22":12,"23":2},"b":{"0":[31,18],"1":[49,31],"2":[124,0],"3":[0,0],"4":[0,6],"5":[0,6],"6":[5,1],"7":[6,6],"8":[6,2,2],"9":[0,1],"10":[2,1],"11":[3,3],"12":[2,1],"13":[3,1],"14":[2,1],"15":[5,0],"16":[5,2],"17":[5,0],"18":[5,2],"19":[5,0],"20":[5,0]},"_coverageSchema":"1a1c01bbd47fc00a2c39e90264f33305004495a9","hash":"9f6fadf2d308ed43f20d3df0acc4b381b16d2a92"}
,"/Users/bilalezzaaraoui/BilalEzzaaraoui_9_09032022/src/containers/Login.js": {"path":"/Users/bilalezzaaraoui/BilalEzzaaraoui_9_09032022/src/containers/Login.js","statementMap":{"0":{"start":{"line":2,"column":31},"end":{"line":2,"column":33}},"1":{"start":{"line":13,"column":4},"end":{"line":13,"column":29}},"2":{"start":{"line":14,"column":4},"end":{"line":14,"column":37}},"3":{"start":{"line":15,"column":4},"end":{"line":15,"column":33}},"4":{"start":{"line":16,"column":4},"end":{"line":16,"column":47}},"5":{"start":{"line":17,"column":4},"end":{"line":17,"column":23}},"6":{"start":{"line":18,"column":25},"end":{"line":20,"column":5}},"7":{"start":{"line":21,"column":4},"end":{"line":21,"column":71}},"8":{"start":{"line":22,"column":22},"end":{"line":24,"column":5}},"9":{"start":{"line":25,"column":4},"end":{"line":25,"column":65}},"10":{"start":{"line":27,"column":25},"end":{"line":49,"column":3}},"11":{"start":{"line":28,"column":4},"end":{"line":28,"column":23}},"12":{"start":{"line":29,"column":17},"end":{"line":39,"column":5}},"13":{"start":{"line":40,"column":4},"end":{"line":40,"column":60}},"14":{"start":{"line":41,"column":4},"end":{"line":48,"column":9}},"15":{"start":{"line":42,"column":22},"end":{"line":42,"column":43}},"16":{"start":{"line":44,"column":8},"end":{"line":44,"column":46}},"17":{"start":{"line":45,"column":8},"end":{"line":45,"column":54}},"18":{"start":{"line":46,"column":8},"end":{"line":46,"column":51}},"19":{"start":{"line":47,"column":8},"end":{"line":47,"column":58}},"20":{"start":{"line":51,"column":22},"end":{"line":71,"column":3}},"21":{"start":{"line":52,"column":4},"end":{"line":52,"column":23}},"22":{"start":{"line":53,"column":17},"end":{"line":61,"column":5}},"23":{"start":{"line":62,"column":4},"end":{"line":62,"column":60}},"24":{"start":{"line":63,"column":4},"end":{"line":70,"column":9}},"25":{"start":{"line":64,"column":22},"end":{"line":64,"column":43}},"26":{"start":{"line":66,"column":8},"end":{"line":66,"column":50}},"27":{"start":{"line":67,"column":8},"end":{"line":67,"column":58}},"28":{"start":{"line":68,"column":8},"end":{"line":68,"column":51}},"29":{"start":{"line":69,"column":8},"end":{"line":69,"column":53}},"30":{"start":{"line":74,"column":10},"end":{"line":89,"column":3}},"31":{"start":{"line":75,"column":4},"end":{"line":88,"column":5}},"32":{"start":{"line":76,"column":6},"end":{"line":85,"column":11}},"33":{"start":{"line":84,"column":10},"end":{"line":84,"column":43}},"34":{"start":{"line":87,"column":6},"end":{"line":87,"column":18}},"35":{"start":{"line":92,"column":15},"end":{"line":111,"column":3}},"36":{"start":{"line":93,"column":4},"end":{"line":110,"column":5}},"37":{"start":{"line":94,"column":6},"end":{"line":107,"column":11}},"38":{"start":{"line":105,"column":10},"end":{"line":105,"column":60}},"39":{"start":{"line":106,"column":10},"end":{"line":106,"column":34}},"40":{"start":{"line":109,"column":6},"end":{"line":109,"column":18}}},"fnMap":{"0":{"name":"(anonymous_0)","decl":{"start":{"line":6,"column":2},"end":{"line":6,"column":3}},"loc":{"start":{"line":12,"column":5},"end":{"line":26,"column":3}},"line":12},"1":{"name":"(anonymous_1)","decl":{"start":{"line":27,"column":25},"end":{"line":27,"column":26}},"loc":{"start":{"line":27,"column":32},"end":{"line":49,"column":3}},"line":27},"2":{"name":"(anonymous_2)","decl":{"start":{"line":42,"column":13},"end":{"line":42,"column":14}},"loc":{"start":{"line":42,"column":22},"end":{"line":42,"column":43}},"line":42},"3":{"name":"(anonymous_3)","decl":{"start":{"line":43,"column":12},"end":{"line":43,"column":13}},"loc":{"start":{"line":43,"column":18},"end":{"line":48,"column":7}},"line":43},"4":{"name":"(anonymous_4)","decl":{"start":{"line":51,"column":22},"end":{"line":51,"column":23}},"loc":{"start":{"line":51,"column":29},"end":{"line":71,"column":3}},"line":51},"5":{"name":"(anonymous_5)","decl":{"start":{"line":64,"column":13},"end":{"line":64,"column":14}},"loc":{"start":{"line":64,"column":22},"end":{"line":64,"column":43}},"line":64},"6":{"name":"(anonymous_6)","decl":{"start":{"line":65,"column":12},"end":{"line":65,"column":13}},"loc":{"start":{"line":65,"column":18},"end":{"line":70,"column":7}},"line":65},"7":{"name":"(anonymous_7)","decl":{"start":{"line":74,"column":10},"end":{"line":74,"column":11}},"loc":{"start":{"line":74,"column":20},"end":{"line":89,"column":3}},"line":74},"8":{"name":"(anonymous_8)","decl":{"start":{"line":83,"column":14},"end":{"line":83,"column":15}},"loc":{"start":{"line":83,"column":27},"end":{"line":85,"column":9}},"line":83},"9":{"name":"(anonymous_9)","decl":{"start":{"line":92,"column":15},"end":{"line":92,"column":16}},"loc":{"start":{"line":92,"column":25},"end":{"line":111,"column":3}},"line":92},"10":{"name":"(anonymous_10)","decl":{"start":{"line":104,"column":14},"end":{"line":104,"column":15}},"loc":{"start":{"line":104,"column":20},"end":{"line":107,"column":9}},"line":104}},"branchMap":{"0":{"loc":{"start":{"line":75,"column":4},"end":{"line":88,"column":5}},"type":"if","locations":[{"start":{"line":75,"column":4},"end":{"line":88,"column":5}},{"start":{"line":75,"column":4},"end":{"line":88,"column":5}}],"line":75},"1":{"loc":{"start":{"line":93,"column":4},"end":{"line":110,"column":5}},"type":"if","locations":[{"start":{"line":93,"column":4},"end":{"line":110,"column":5}},{"start":{"line":93,"column":4},"end":{"line":110,"column":5}}],"line":93}},"s":{"0":4,"1":5,"2":5,"3":5,"4":5,"5":5,"6":5,"7":5,"8":5,"9":5,"10":5,"11":2,"12":2,"13":2,"14":2,"15":0,"16":2,"17":2,"18":2,"19":2,"20":5,"21":2,"22":2,"23":2,"24":2,"25":0,"26":2,"27":2,"28":2,"29":2,"30":5,"31":0,"32":0,"33":0,"34":0,"35":5,"36":0,"37":0,"38":0,"39":0,"40":0},"f":{"0":5,"1":2,"2":0,"3":2,"4":2,"5":0,"6":2,"7":0,"8":0,"9":0,"10":0},"b":{"0":[0,0],"1":[0,0]},"_coverageSchema":"1a1c01bbd47fc00a2c39e90264f33305004495a9","hash":"dda03673182a94c542dfffc5dfa5006f100ae2f5"}
,"/Users/bilalezzaaraoui/BilalEzzaaraoui_9_09032022/src/containers/Logout.js": {"path":"/Users/bilalezzaaraoui/BilalEzzaaraoui_9_09032022/src/containers/Logout.js","statementMap":{"0":{"start":{"line":5,"column":4},"end":{"line":5,"column":28}},"1":{"start":{"line":6,"column":4},"end":{"line":6,"column":32}},"2":{"start":{"line":7,"column":4},"end":{"line":7,"column":36}},"3":{"start":{"line":8,"column":4},"end":{"line":8,"column":51}},"4":{"start":{"line":11,"column":16},"end":{"line":14,"column":3}},"5":{"start":{"line":12,"column":4},"end":{"line":12,"column":29}},"6":{"start":{"line":13,"column":4},"end":{"line":13,"column":41}}},"fnMap":{"0":{"name":"(anonymous_0)","decl":{"start":{"line":4,"column":2},"end":{"line":4,"column":3}},"loc":{"start":{"line":4,"column":54},"end":{"line":9,"column":3}},"line":4},"1":{"name":"(anonymous_1)","decl":{"start":{"line":11,"column":16},"end":{"line":11,"column":17}},"loc":{"start":{"line":11,"column":23},"end":{"line":14,"column":3}},"line":11}},"branchMap":{},"s":{"0":22,"1":22,"2":22,"3":22,"4":22,"5":2,"6":2},"f":{"0":22,"1":2},"b":{},"_coverageSchema":"1a1c01bbd47fc00a2c39e90264f33305004495a9","hash":"de913de1db66c7997a41fe8fe3a463db77221d8a"}
,"/Users/bilalezzaaraoui/BilalEzzaaraoui_9_09032022/src/containers/NewBill.js": {"path":"/Users/bilalezzaaraoui/BilalEzzaaraoui_9_09032022/src/containers/NewBill.js","statementMap":{"0":{"start":{"line":6,"column":4},"end":{"line":6,"column":29}},"1":{"start":{"line":7,"column":4},"end":{"line":7,"column":33}},"2":{"start":{"line":8,"column":4},"end":{"line":8,"column":23}},"3":{"start":{"line":9,"column":24},"end":{"line":11,"column":5}},"4":{"start":{"line":12,"column":4},"end":{"line":12,"column":62}},"5":{"start":{"line":13,"column":17},"end":{"line":13,"column":73}},"6":{"start":{"line":14,"column":4},"end":{"line":14,"column":59}},"7":{"start":{"line":15,"column":4},"end":{"line":15,"column":24}},"8":{"start":{"line":16,"column":4},"end":{"line":16,"column":25}},"9":{"start":{"line":17,"column":4},"end":{"line":17,"column":23}},"10":{"start":{"line":18,"column":4},"end":{"line":18,"column":55}},"11":{"start":{"line":21,"column":17},"end":{"line":23,"column":3}},"12":{"start":{"line":22,"column":4},"end":{"line":22,"column":54}},"13":{"start":{"line":25,"column":21},"end":{"line":73,"column":3}},"14":{"start":{"line":26,"column":4},"end":{"line":26,"column":23}},"15":{"start":{"line":27,"column":17},"end":{"line":28,"column":15}},"16":{"start":{"line":29,"column":4},"end":{"line":29,"column":80}},"17":{"start":{"line":30,"column":26},"end":{"line":30,"column":69}},"18":{"start":{"line":31,"column":27},"end":{"line":31,"column":49}},"19":{"start":{"line":32,"column":21},"end":{"line":32,"column":48}},"20":{"start":{"line":33,"column":4},"end":{"line":33,"column":26}},"21":{"start":{"line":35,"column":21},"end":{"line":35,"column":50}},"22":{"start":{"line":36,"column":4},"end":{"line":36,"column":26}},"23":{"start":{"line":38,"column":19},"end":{"line":42,"column":6}},"24":{"start":{"line":39,"column":6},"end":{"line":41,"column":7}},"25":{"start":{"line":40,"column":8},"end":{"line":40,"column":20}},"26":{"start":{"line":44,"column":4},"end":{"line":72,"column":5}},"27":{"start":{"line":45,"column":23},"end":{"line":45,"column":37}},"28":{"start":{"line":46,"column":6},"end":{"line":46,"column":28}},"29":{"start":{"line":48,"column":20},"end":{"line":48,"column":66}},"30":{"start":{"line":49,"column":6},"end":{"line":49,"column":25}},"31":{"start":{"line":51,"column":6},"end":{"line":51,"column":36}},"32":{"start":{"line":52,"column":6},"end":{"line":52,"column":38}},"33":{"start":{"line":54,"column":6},"end":{"line":68,"column":48}},"34":{"start":{"line":63,"column":10},"end":{"line":63,"column":31}},"35":{"start":{"line":64,"column":10},"end":{"line":64,"column":28}},"36":{"start":{"line":65,"column":10},"end":{"line":65,"column":33}},"37":{"start":{"line":66,"column":10},"end":{"line":66,"column":35}},"38":{"start":{"line":68,"column":26},"end":{"line":68,"column":46}},"39":{"start":{"line":70,"column":6},"end":{"line":70,"column":26}},"40":{"start":{"line":71,"column":6},"end":{"line":71,"column":74}},"41":{"start":{"line":74,"column":17},"end":{"line":101,"column":3}},"42":{"start":{"line":75,"column":4},"end":{"line":75,"column":23}},"43":{"start":{"line":76,"column":4},"end":{"line":79,"column":6}},"44":{"start":{"line":80,"column":18},"end":{"line":80,"column":64}},"45":{"start":{"line":81,"column":17},"end":{"line":98,"column":5}},"46":{"start":{"line":99,"column":4},"end":{"line":99,"column":26}},"47":{"start":{"line":100,"column":4},"end":{"line":100,"column":42}},"48":{"start":{"line":104,"column":15},"end":{"line":114,"column":3}},"49":{"start":{"line":105,"column":4},"end":{"line":113,"column":5}},"50":{"start":{"line":106,"column":6},"end":{"line":112,"column":48}},"51":{"start":{"line":110,"column":10},"end":{"line":110,"column":48}},"52":{"start":{"line":112,"column":26},"end":{"line":112,"column":46}}},"fnMap":{"0":{"name":"(anonymous_0)","decl":{"start":{"line":5,"column":2},"end":{"line":5,"column":3}},"loc":{"start":{"line":5,"column":61},"end":{"line":19,"column":3}},"line":5},"1":{"name":"(anonymous_1)","decl":{"start":{"line":21,"column":17},"end":{"line":21,"column":18}},"loc":{"start":{"line":21,"column":24},"end":{"line":23,"column":3}},"line":21},"2":{"name":"(anonymous_2)","decl":{"start":{"line":25,"column":21},"end":{"line":25,"column":22}},"loc":{"start":{"line":25,"column":28},"end":{"line":73,"column":3}},"line":25},"3":{"name":"(anonymous_3)","decl":{"start":{"line":38,"column":39},"end":{"line":38,"column":40}},"loc":{"start":{"line":38,"column":49},"end":{"line":42,"column":5}},"line":38},"4":{"name":"(anonymous_4)","decl":{"start":{"line":62,"column":14},"end":{"line":62,"column":15}},"loc":{"start":{"line":62,"column":36},"end":{"line":67,"column":9}},"line":62},"5":{"name":"(anonymous_5)","decl":{"start":{"line":68,"column":15},"end":{"line":68,"column":16}},"loc":{"start":{"line":68,"column":26},"end":{"line":68,"column":46}},"line":68},"6":{"name":"(anonymous_6)","decl":{"start":{"line":74,"column":17},"end":{"line":74,"column":18}},"loc":{"start":{"line":74,"column":24},"end":{"line":101,"column":3}},"line":74},"7":{"name":"(anonymous_7)","decl":{"start":{"line":104,"column":15},"end":{"line":104,"column":16}},"loc":{"start":{"line":104,"column":25},"end":{"line":114,"column":3}},"line":104},"8":{"name":"(anonymous_8)","decl":{"start":{"line":109,"column":14},"end":{"line":109,"column":15}},"loc":{"start":{"line":109,"column":20},"end":{"line":111,"column":9}},"line":109},"9":{"name":"(anonymous_9)","decl":{"start":{"line":112,"column":15},"end":{"line":112,"column":16}},"loc":{"start":{"line":112,"column":26},"end":{"line":112,"column":46}},"line":112}},"branchMap":{"0":{"loc":{"start":{"line":39,"column":6},"end":{"line":41,"column":7}},"type":"if","locations":[{"start":{"line":39,"column":6},"end":{"line":41,"column":7}},{"start":{"line":39,"column":6},"end":{"line":41,"column":7}}],"line":39},"1":{"loc":{"start":{"line":44,"column":4},"end":{"line":72,"column":5}},"type":"if","locations":[{"start":{"line":44,"column":4},"end":{"line":72,"column":5}},{"start":{"line":44,"column":4},"end":{"line":72,"column":5}}],"line":44},"2":{"loc":{"start":{"line":91,"column":8},"end":{"line":92,"column":10}},"type":"binary-expr","locations":[{"start":{"line":91,"column":8},"end":{"line":91,"column":74}},{"start":{"line":92,"column":8},"end":{"line":92,"column":10}}],"line":91},"3":{"loc":{"start":{"line":105,"column":4},"end":{"line":113,"column":5}},"type":"if","locations":[{"start":{"line":105,"column":4},"end":{"line":113,"column":5}},{"start":{"line":105,"column":4},"end":{"line":113,"column":5}}],"line":105}},"s":{"0":4,"1":4,"2":4,"3":4,"4":4,"5":4,"6":4,"7":4,"8":4,"9":4,"10":4,"11":4,"12":1,"13":4,"14":2,"15":2,"16":2,"17":2,"18":2,"19":2,"20":2,"21":2,"22":2,"23":2,"24":5,"25":1,"26":2,"27":1,"28":1,"29":1,"30":1,"31":1,"32":1,"33":1,"34":1,"35":1,"36":1,"37":1,"38":0,"39":1,"40":1,"41":4,"42":1,"43":1,"44":1,"45":1,"46":1,"47":1,"48":4,"49":2,"50":1,"51":1,"52":0},"f":{"0":4,"1":1,"2":2,"3":5,"4":1,"5":0,"6":1,"7":2,"8":1,"9":0},"b":{"0":[1,4],"1":[1,1],"2":[1,1],"3":[1,1]},"_coverageSchema":"1a1c01bbd47fc00a2c39e90264f33305004495a9","hash":"ece38656e01854fce75030bc0faa84cbad4b4691"}
,"/Users/bilalezzaaraoui/BilalEzzaaraoui_9_09032022/src/views/Actions.js": {"path":"/Users/bilalezzaaraoui/BilalEzzaaraoui_9_09032022/src/views/Actions.js","statementMap":{"0":{"start":{"line":5,"column":2},"end":{"line":11,"column":3}}},"fnMap":{"0":{"name":"(anonymous_0)","decl":{"start":{"line":4,"column":15},"end":{"line":4,"column":16}},"loc":{"start":{"line":4,"column":28},"end":{"line":12,"column":1}},"line":4}},"branchMap":{},"s":{"0":10},"f":{"0":10},"b":{},"_coverageSchema":"1a1c01bbd47fc00a2c39e90264f33305004495a9","hash":"dc5780b5bbfcc5184934ee9bb8198489a6b21dd4"}
,"/Users/bilalezzaaraoui/BilalEzzaaraoui_9_09032022/src/views/BillsUI.js": {"path":"/Users/bilalezzaaraoui/BilalEzzaaraoui_9_09032022/src/views/BillsUI.js","statementMap":{"0":{"start":{"line":7,"column":12},"end":{"line":20,"column":1}},"1":{"start":{"line":8,"column":2},"end":{"line":19,"column":6}},"2":{"start":{"line":22,"column":13},"end":{"line":29,"column":1}},"3":{"start":{"line":23,"column":2},"end":{"line":28,"column":9}},"4":{"start":{"line":25,"column":25},"end":{"line":25,"column":69}},"5":{"start":{"line":26,"column":23},"end":{"line":26,"column":32}},"6":{"start":{"line":32,"column":16},"end":{"line":47,"column":3}},"7":{"start":{"line":32,"column":22},"end":{"line":47,"column":3}},"8":{"start":{"line":49,"column":2},"end":{"line":53,"column":3}},"9":{"start":{"line":50,"column":4},"end":{"line":50,"column":25}},"10":{"start":{"line":51,"column":9},"end":{"line":53,"column":3}},"11":{"start":{"line":52,"column":4},"end":{"line":52,"column":28}},"12":{"start":{"line":55,"column":2},"end":{"line":82,"column":12}}},"fnMap":{"0":{"name":"(anonymous_0)","decl":{"start":{"line":7,"column":12},"end":{"line":7,"column":13}},"loc":{"start":{"line":7,"column":22},"end":{"line":20,"column":1}},"line":7},"1":{"name":"(anonymous_1)","decl":{"start":{"line":22,"column":13},"end":{"line":22,"column":14}},"loc":{"start":{"line":22,"column":23},"end":{"line":29,"column":1}},"line":22},"2":{"name":"(anonymous_2)","decl":{"start":{"line":25,"column":14},"end":{"line":25,"column":15}},"loc":{"start":{"line":25,"column":25},"end":{"line":25,"column":69}},"line":25},"3":{"name":"(anonymous_3)","decl":{"start":{"line":26,"column":13},"end":{"line":26,"column":14}},"loc":{"start":{"line":26,"column":23},"end":{"line":26,"column":32}},"line":26},"4":{"name":"(anonymous_4)","decl":{"start":{"line":31,"column":15},"end":{"line":31,"column":16}},"loc":{"start":{"line":31,"column":52},"end":{"line":83,"column":1}},"line":31},"5":{"name":"(anonymous_5)","decl":{"start":{"line":32,"column":16},"end":{"line":32,"column":17}},"loc":{"start":{"line":32,"column":22},"end":{"line":47,"column":3}},"line":32}},"branchMap":{"0":{"loc":{"start":{"line":23,"column":9},"end":{"line":28,"column":8}},"type":"cond-expr","locations":[{"start":{"line":24,"column":6},"end":{"line":27,"column":17}},{"start":{"line":28,"column":6},"end":{"line":28,"column":8}}],"line":23},"1":{"loc":{"start":{"line":23,"column":9},"end":{"line":23,"column":28}},"type":"binary-expr","locations":[{"start":{"line":23,"column":9},"end":{"line":23,"column":13}},{"start":{"line":23,"column":17},"end":{"line":23,"column":28}}],"line":23},"2":{"loc":{"start":{"line":25,"column":25},"end":{"line":25,"column":69}},"type":"cond-expr","locations":[{"start":{"line":25,"column":63},"end":{"line":25,"column":64}},{"start":{"line":25,"column":67},"end":{"line":25,"column":69}}],"line":25},"3":{"loc":{"start":{"line":49,"column":2},"end":{"line":53,"column":3}},"type":"if","locations":[{"start":{"line":49,"column":2},"end":{"line":53,"column":3}},{"start":{"line":49,"column":2},"end":{"line":53,"column":3}}],"line":49},"4":{"loc":{"start":{"line":51,"column":9},"end":{"line":53,"column":3}},"type":"if","locations":[{"start":{"line":51,"column":9},"end":{"line":53,"column":3}},{"start":{"line":51,"column":9},"end":{"line":53,"column":3}}],"line":51}},"s":{"0":6,"1":8,"2":6,"3":8,"4":9,"5":8,"6":14,"7":8,"8":14,"9":1,"10":13,"11":5,"12":8},"f":{"0":8,"1":8,"2":9,"3":8,"4":14,"5":8},"b":{"0":[2,6],"1":[8,4],"2":[6,3],"3":[1,13],"4":[5,8]},"_coverageSchema":"1a1c01bbd47fc00a2c39e90264f33305004495a9","hash":"ca87ca809e00e8afea299073a97ff8da1278ef21"}
,"/Users/bilalezzaaraoui/BilalEzzaaraoui_9_09032022/src/views/DashboardFormUI.js": {"path":"/Users/bilalezzaaraoui/BilalEzzaaraoui_9_09032022/src/views/DashboardFormUI.js","statementMap":{"0":{"start":{"line":7,"column":21},"end":{"line":22,"column":3}},"1":{"start":{"line":7,"column":27},"end":{"line":22,"column":3}},"2":{"start":{"line":25,"column":2},"end":{"line":114,"column":4}}},"fnMap":{"0":{"name":"(anonymous_0)","decl":{"start":{"line":7,"column":21},"end":{"line":7,"column":22}},"loc":{"start":{"line":7,"column":27},"end":{"line":22,"column":3}},"line":7},"1":{"name":"(anonymous_1)","decl":{"start":{"line":24,"column":15},"end":{"line":24,"column":16}},"loc":{"start":{"line":24,"column":25},"end":{"line":115,"column":1}},"line":24}},"branchMap":{"0":{"loc":{"start":{"line":73,"column":14},"end":{"line":73,"column":66}},"type":"cond-expr","locations":[{"start":{"line":73,"column":41},"end":{"line":73,"column":50}},{"start":{"line":73,"column":53},"end":{"line":73,"column":66}}],"line":73},"1":{"loc":{"start":{"line":85,"column":9},"end":{"line":97,"column":8}},"type":"cond-expr","locations":[{"start":{"line":86,"column":13},"end":{"line":91,"column":8}},{"start":{"line":92,"column":13},"end":{"line":97,"column":8}}],"line":85},"2":{"loc":{"start":{"line":102,"column":8},"end":{"line":109,"column":14}},"type":"cond-expr","locations":[{"start":{"line":103,"column":12},"end":{"line":108,"column":7}},{"start":{"line":109,"column":12},"end":{"line":109,"column":14}}],"line":102}},"s":{"0":7,"1":9,"2":9},"f":{"0":9,"1":9},"b":{"0":[0,9],"1":[6,3],"2":[6,3]},"_coverageSchema":"1a1c01bbd47fc00a2c39e90264f33305004495a9","hash":"deccc280cf0114a2dda08a2b98f2f4e44a25b2a7"}
,"/Users/bilalezzaaraoui/BilalEzzaaraoui_9_09032022/src/views/DashboardUI.js": {"path":"/Users/bilalezzaaraoui/BilalEzzaaraoui_9_09032022/src/views/DashboardUI.js","statementMap":{"0":{"start":{"line":10,"column":2},"end":{"line":14,"column":3}},"1":{"start":{"line":11,"column":4},"end":{"line":11,"column":24}},"2":{"start":{"line":12,"column":9},"end":{"line":14,"column":3}},"3":{"start":{"line":13,"column":4},"end":{"line":13,"column":27}},"4":{"start":{"line":16,"column":2},"end":{"line":48,"column":3}}},"fnMap":{"0":{"name":"(anonymous_0)","decl":{"start":{"line":8,"column":15},"end":{"line":8,"column":16}},"loc":{"start":{"line":8,"column":45},"end":{"line":49,"column":1}},"line":8}},"branchMap":{"0":{"loc":{"start":{"line":10,"column":2},"end":{"line":14,"column":3}},"type":"if","locations":[{"start":{"line":10,"column":2},"end":{"line":14,"column":3}},{"start":{"line":10,"column":2},"end":{"line":14,"column":3}}],"line":10},"1":{"loc":{"start":{"line":12,"column":9},"end":{"line":14,"column":3}},"type":"if","locations":[{"start":{"line":12,"column":9},"end":{"line":14,"column":3}},{"start":{"line":12,"column":9},"end":{"line":14,"column":3}}],"line":12},"2":{"loc":{"start":{"line":22,"column":45},"end":{"line":22,"column":63}},"type":"binary-expr","locations":[{"start":{"line":22,"column":45},"end":{"line":22,"column":49}},{"start":{"line":22,"column":53},"end":{"line":22,"column":63}}],"line":22},"3":{"loc":{"start":{"line":29,"column":43},"end":{"line":29,"column":61}},"type":"binary-expr","locations":[{"start":{"line":29,"column":43},"end":{"line":29,"column":47}},{"start":{"line":29,"column":51},"end":{"line":29,"column":61}}],"line":29},"4":{"loc":{"start":{"line":36,"column":43},"end":{"line":36,"column":61}},"type":"binary-expr","locations":[{"start":{"line":36,"column":43},"end":{"line":36,"column":47}},{"start":{"line":36,"column":51},"end":{"line":36,"column":61}}],"line":36}},"s":{"0":21,"1":6,"2":15,"3":3,"4":12},"f":{"0":21},"b":{"0":[6,15],"1":[3,12],"2":[12,7],"3":[12,7],"4":[12,7]},"_coverageSchema":"1a1c01bbd47fc00a2c39e90264f33305004495a9","hash":"3c04782c868bf5acdf5941d9c8e2b0e5ad5d2183"}
,"/Users/bilalezzaaraoui/BilalEzzaaraoui_9_09032022/src/views/ErrorPage.js": {"path":"/Users/bilalezzaaraoui/BilalEzzaaraoui_9_09032022/src/views/ErrorPage.js","statementMap":{"0":{"start":{"line":4,"column":2},"end":{"line":15,"column":3}}},"fnMap":{"0":{"name":"(anonymous_0)","decl":{"start":{"line":3,"column":15},"end":{"line":3,"column":16}},"loc":{"start":{"line":3,"column":26},"end":{"line":16,"column":1}},"line":3}},"branchMap":{"0":{"loc":{"start":{"line":12,"column":12},"end":{"line":12,"column":30}},"type":"cond-expr","locations":[{"start":{"line":12,"column":20},"end":{"line":12,"column":25}},{"start":{"line":12,"column":28},"end":{"line":12,"column":30}}],"line":12}},"s":{"0":10},"f":{"0":10},"b":{"0":[9,1]},"_coverageSchema":"1a1c01bbd47fc00a2c39e90264f33305004495a9","hash":"cb5340bde75aef59a5debbd41efb50467246ca47"}
,"/Users/bilalezzaaraoui/BilalEzzaaraoui_9_09032022/src/views/LoadingPage.js": {"path":"/Users/bilalezzaaraoui/BilalEzzaaraoui_9_09032022/src/views/LoadingPage.js","statementMap":{"0":{"start":{"line":5,"column":2},"end":{"line":12,"column":3}}},"fnMap":{"0":{"name":"(anonymous_0)","decl":{"start":{"line":3,"column":15},"end":{"line":3,"column":16}},"loc":{"start":{"line":3,"column":21},"end":{"line":13,"column":1}},"line":3}},"branchMap":{},"s":{"0":8},"f":{"0":8},"b":{},"_coverageSchema":"1a1c01bbd47fc00a2c39e90264f33305004495a9","hash":"2ea055b3f1cdac0f5595e61576d43345b6b1305d"}
,"/Users/bilalezzaaraoui/BilalEzzaaraoui_9_09032022/src/views/LoginUI.js": {"path":"/Users/bilalezzaaraoui/BilalEzzaaraoui_9_09032022/src/views/LoginUI.js","statementMap":{"0":{"start":{"line":4,"column":2},"end":{"line":46,"column":4}}},"fnMap":{"0":{"name":"(anonymous_0)","decl":{"start":{"line":2,"column":15},"end":{"line":2,"column":16}},"loc":{"start":{"line":2,"column":21},"end":{"line":47,"column":1}},"line":2}},"branchMap":{},"s":{"0":15},"f":{"0":15},"b":{},"_coverageSchema":"1a1c01bbd47fc00a2c39e90264f33305004495a9","hash":"0fe6bacddd40b8cf4548fa8d2276b9b8e6708a25"}
,"/Users/bilalezzaaraoui/BilalEzzaaraoui_9_09032022/src/views/NewBillUI.js": {"path":"/Users/bilalezzaaraoui/BilalEzzaaraoui_9_09032022/src/views/NewBillUI.js","statementMap":{"0":{"start":{"line":5,"column":2},"end":{"line":73,"column":4}}},"fnMap":{"0":{"name":"(anonymous_0)","decl":{"start":{"line":3,"column":15},"end":{"line":3,"column":16}},"loc":{"start":{"line":3,"column":21},"end":{"line":74,"column":1}},"line":3}},"branchMap":{},"s":{"0":6},"f":{"0":6},"b":{},"_coverageSchema":"1a1c01bbd47fc00a2c39e90264f33305004495a9","hash":"18824f346b4bb345b136156e8e1dbf4e943fb899"}
,"/Users/bilalezzaaraoui/BilalEzzaaraoui_9_09032022/src/views/VerticalLayout.js": {"path":"/Users/bilalezzaaraoui/BilalEzzaaraoui_9_09032022/src/views/VerticalLayout.js","statementMap":{"0":{"start":{"line":7,"column":4},"end":{"line":7,"column":51}},"1":{"start":{"line":8,"column":4},"end":{"line":10,"column":5}},"2":{"start":{"line":9,"column":6},"end":{"line":9,"column":29}},"3":{"start":{"line":11,"column":4},"end":{"line":39,"column":5}},"4":{"start":{"line":12,"column":6},"end":{"line":27,"column":7}},"5":{"start":{"line":29,"column":6},"end":{"line":38,"column":7}}},"fnMap":{"0":{"name":"(anonymous_0)","decl":{"start":{"line":5,"column":15},"end":{"line":5,"column":16}},"loc":{"start":{"line":5,"column":27},"end":{"line":40,"column":1}},"line":5}},"branchMap":{"0":{"loc":{"start":{"line":8,"column":4},"end":{"line":10,"column":5}},"type":"if","locations":[{"start":{"line":8,"column":4},"end":{"line":10,"column":5}},{"start":{"line":8,"column":4},"end":{"line":10,"column":5}}],"line":8},"1":{"loc":{"start":{"line":11,"column":4},"end":{"line":39,"column":5}},"type":"if","locations":[{"start":{"line":11,"column":4},"end":{"line":39,"column":5}},{"start":{"line":11,"column":4},"end":{"line":39,"column":5}}],"line":11},"2":{"loc":{"start":{"line":11,"column":8},"end":{"line":11,"column":40}},"type":"binary-expr","locations":[{"start":{"line":11,"column":8},"end":{"line":11,"column":12}},{"start":{"line":11,"column":16},"end":{"line":11,"column":40}}],"line":11}},"s":{"0":45,"1":45,"2":33,"3":45,"4":14,"5":31},"f":{"0":45},"b":{"0":[33,12],"1":[14,31],"2":[45,33]},"_coverageSchema":"1a1c01bbd47fc00a2c39e90264f33305004495a9","hash":"93e88cd21e7554878940647b4f2c6055e87bcd59"}
}
